{"uuid":"6d8042b0-5cec-4e36-b827-5caf171dfe64","historyId":"1cddaded1c24bde6087e98e12a0194ab","fullName":"com.testcases.TC002_AddEmployeeTest.add_employee_Details","labels":[{"name":"package","value":"com.testcases.TC002_AddEmployeeTest"},{"name":"testClass","value":"com.testcases.TC002_AddEmployeeTest"},{"name":"testMethod","value":"add_employee_Details"},{"name":"parentSuite","value":"Suite"},{"name":"suite","value":"edge_test"},{"name":"subSuite","value":"com.testcases.TC002_AddEmployeeTest"},{"name":"host","value":"DESKTOP-M0FLE7G"},{"name":"thread","value":"6868@DESKTOP-M0FLE7G.TestNG-tests-2(29)"},{"name":"framework","value":"testng"},{"name":"language","value":"java"},{"name":"story","value":"Admin adds a new employee"},{"name":"feature","value":"Add Employee"},{"name":"epic","value":"Employee Management"},{"name":"severity","value":"critical"}],"links":[],"name":"add_employee_Details","status":"failed","statusDetails":{"known":false,"muted":false,"flaky":false,"message":"null","trace":"java.lang.AssertionError: null\r\n\tat org.testng.Assert.fail(Assert.java:111)\r\n\tat org.testng.Assert.fail(Assert.java:116)\r\n\tat com.testcases.TC002_AddEmployeeTest.add_employee_Details(TC002_AddEmployeeTest.java:91)\r\n\tat java.base/jdk.internal.reflect.DirectMethodHandleAccessor.invoke(DirectMethodHandleAccessor.java:103)\r\n\tat java.base/java.lang.reflect.Method.invoke(Method.java:580)\r\n\tat org.testng.internal.invokers.MethodInvocationHelper.invokeMethod(MethodInvocationHelper.java:141)\r\n\tat org.testng.internal.invokers.TestInvoker.invokeMethod(TestInvoker.java:686)\r\n\tat org.testng.internal.invokers.TestInvoker.invokeTestMethod(TestInvoker.java:230)\r\n\tat org.testng.internal.invokers.MethodRunner.runInSequence(MethodRunner.java:63)\r\n\tat org.testng.internal.invokers.TestInvoker$MethodInvocationAgent.invoke(TestInvoker.java:992)\r\n\tat org.testng.internal.invokers.TestInvoker.invokeTestMethods(TestInvoker.java:203)\r\n\tat org.testng.internal.invokers.TestMethodWorker.invokeTestMethods(TestMethodWorker.java:154)\r\n\tat org.testng.internal.invokers.TestMethodWorker.run(TestMethodWorker.java:134)\r\n\tat java.base/java.util.ArrayList.forEach(ArrayList.java:1597)\r\n\tat org.testng.TestRunner.privateRun(TestRunner.java:739)\r\n\tat org.testng.TestRunner.run(TestRunner.java:614)\r\n\tat org.testng.SuiteRunner.runTest(SuiteRunner.java:421)\r\n\tat org.testng.SuiteRunner$SuiteWorker.run(SuiteRunner.java:463)\r\n\tat org.testng.internal.thread.ThreadUtil.lambda$execute$0(ThreadUtil.java:64)\r\n\tat java.base/java.util.concurrent.FutureTask.run(FutureTask.java:317)\r\n\tat java.base/java.util.concurrent.ThreadPoolExecutor.runWorker(ThreadPoolExecutor.java:1144)\r\n\tat java.base/java.util.concurrent.ThreadPoolExecutor$Worker.run(ThreadPoolExecutor.java:642)\r\n\tat java.base/java.lang.Thread.run(Thread.java:1570)\r\n"},"stage":"finished","description":"Verify that an admin can successfully add a new employee.","steps":[{"name":"Get the current page title","status":"passed","stage":"finished","steps":[],"attachments":[],"parameters":[],"start":1744183617994,"stop":1744183618574},{"name":"Enter username: Admin","status":"passed","stage":"finished","steps":[],"attachments":[],"parameters":[{"name":"username","value":"Admin"}],"start":1744183618575,"stop":1744183618717},{"name":"Enter password: admin123","status":"passed","stage":"finished","steps":[],"attachments":[],"parameters":[{"name":"password","value":"admin123"}],"start":1744183618718,"stop":1744183618826},{"name":"Click Login button","status":"broken","statusDetails":{"known":false,"muted":false,"flaky":false,"message":"The element with the reference 60c0497c-f1d0-485e-9d94-4c9fa71e4c60 is stale; either its node document is not the active document, or it is no longer connected to the DOM\nFor documentation on this error, please visit: https://www.selenium.dev/documentation/webdriver/troubleshooting/errors#stale-element-reference-exception\nBuild info: version: '4.23.0', revision: '4df0a231af'\nSystem info: os.name: 'Windows 10', os.arch: 'amd64', os.version: '10.0', java.version: '22.0.1'\nDriver info: org.openqa.selenium.firefox.FirefoxDriver\nCommand: [543884c3-fb8f-46b3-b925-70955492e23f, clickElement {id=60c0497c-f1d0-485e-9d94-4c9fa71e4c60}]\nCapabilities {acceptInsecureCerts: true, browserName: firefox, browserVersion: 137.0.1, moz:accessibilityChecks: false, moz:buildID: 20250407111027, moz:debuggerAddress: 127.0.0.1:9830, moz:geckodriverVersion: 0.36.0, moz:headless: false, moz:platformVersion: 10.0, moz:processID: 11520, moz:profile: C:\\Users\\Win-10\\AppData\\Loc..., moz:shutdownTimeout: 60000, moz:webdriverClick: true, moz:windowless: false, pageLoadStrategy: normal, platformName: windows, proxy: Proxy(), se:cdp: ws://127.0.0.1:9830/devtool..., se:cdpVersion: 85.0, setWindowRect: true, strictFileInteractability: false, timeouts: {implicit: 0, pageLoad: 300000, script: 30000}, unhandledPromptBehavior: dismiss and notify, userAgent: Mozilla/5.0 (Windows NT 10....}\nElement: [[FirefoxDriver: firefox on windows (543884c3-fb8f-46b3-b925-70955492e23f)] -> xpath: //button[normalize-space()='Login']]\nSession ID: 543884c3-fb8f-46b3-b925-70955492e23f","trace":"org.openqa.selenium.StaleElementReferenceException: The element with the reference 60c0497c-f1d0-485e-9d94-4c9fa71e4c60 is stale; either its node document is not the active document, or it is no longer connected to the DOM\nFor documentation on this error, please visit: https://www.selenium.dev/documentation/webdriver/troubleshooting/errors#stale-element-reference-exception\nBuild info: version: '4.23.0', revision: '4df0a231af'\nSystem info: os.name: 'Windows 10', os.arch: 'amd64', os.version: '10.0', java.version: '22.0.1'\nDriver info: org.openqa.selenium.firefox.FirefoxDriver\nCommand: [543884c3-fb8f-46b3-b925-70955492e23f, clickElement {id=60c0497c-f1d0-485e-9d94-4c9fa71e4c60}]\nCapabilities {acceptInsecureCerts: true, browserName: firefox, browserVersion: 137.0.1, moz:accessibilityChecks: false, moz:buildID: 20250407111027, moz:debuggerAddress: 127.0.0.1:9830, moz:geckodriverVersion: 0.36.0, moz:headless: false, moz:platformVersion: 10.0, moz:processID: 11520, moz:profile: C:\\Users\\Win-10\\AppData\\Loc..., moz:shutdownTimeout: 60000, moz:webdriverClick: true, moz:windowless: false, pageLoadStrategy: normal, platformName: windows, proxy: Proxy(), se:cdp: ws://127.0.0.1:9830/devtool..., se:cdpVersion: 85.0, setWindowRect: true, strictFileInteractability: false, timeouts: {implicit: 0, pageLoad: 300000, script: 30000}, unhandledPromptBehavior: dismiss and notify, userAgent: Mozilla/5.0 (Windows NT 10....}\nElement: [[FirefoxDriver: firefox on windows (543884c3-fb8f-46b3-b925-70955492e23f)] -> xpath: //button[normalize-space()='Login']]\nSession ID: 543884c3-fb8f-46b3-b925-70955492e23f\r\n\tat java.base/jdk.internal.reflect.DirectConstructorHandleAccessor.newInstance(DirectConstructorHandleAccessor.java:62)\r\n\tat java.base/java.lang.reflect.Constructor.newInstanceWithCaller(Constructor.java:502)\r\n\tat java.base/java.lang.reflect.Constructor.newInstance(Constructor.java:486)\r\n\tat org.openqa.selenium.remote.ErrorCodec.decode(ErrorCodec.java:167)\r\n\tat org.openqa.selenium.remote.codec.w3c.W3CHttpResponseCodec.decode(W3CHttpResponseCodec.java:138)\r\n\tat org.openqa.selenium.remote.codec.w3c.W3CHttpResponseCodec.decode(W3CHttpResponseCodec.java:50)\r\n\tat org.openqa.selenium.remote.HttpCommandExecutor.execute(HttpCommandExecutor.java:190)\r\n\tat org.openqa.selenium.remote.service.DriverCommandExecutor.invokeExecute(DriverCommandExecutor.java:216)\r\n\tat org.openqa.selenium.remote.service.DriverCommandExecutor.execute(DriverCommandExecutor.java:174)\r\n\tat org.openqa.selenium.remote.RemoteWebDriver.execute(RemoteWebDriver.java:527)\r\n\tat org.openqa.selenium.remote.RemoteWebElement.execute(RemoteWebElement.java:223)\r\n\tat org.openqa.selenium.remote.RemoteWebElement.click(RemoteWebElement.java:76)\r\n\tat java.base/jdk.internal.reflect.DirectMethodHandleAccessor.invoke(DirectMethodHandleAccessor.java:103)\r\n\tat java.base/java.lang.reflect.Method.invoke(Method.java:580)\r\n\tat org.openqa.selenium.support.pagefactory.internal.LocatingElementHandler.invoke(LocatingElementHandler.java:51)\r\n\tat jdk.proxy2/jdk.proxy2.$Proxy38.click(Unknown Source)\r\n\tat com.pom.LoginPage.clickLoginBtn(LoginPage.java:56)\r\n\tat com.testcases.TC002_AddEmployeeTest.add_employee_Details(TC002_AddEmployeeTest.java:40)\r\n\tat java.base/jdk.internal.reflect.DirectMethodHandleAccessor.invoke(DirectMethodHandleAccessor.java:103)\r\n\tat java.base/java.lang.reflect.Method.invoke(Method.java:580)\r\n\tat org.testng.internal.invokers.MethodInvocationHelper.invokeMethod(MethodInvocationHelper.java:141)\r\n\tat org.testng.internal.invokers.TestInvoker.invokeMethod(TestInvoker.java:686)\r\n\tat org.testng.internal.invokers.TestInvoker.invokeTestMethod(TestInvoker.java:230)\r\n\tat org.testng.internal.invokers.MethodRunner.runInSequence(MethodRunner.java:63)\r\n\tat org.testng.internal.invokers.TestInvoker$MethodInvocationAgent.invoke(TestInvoker.java:992)\r\n\tat org.testng.internal.invokers.TestInvoker.invokeTestMethods(TestInvoker.java:203)\r\n\tat org.testng.internal.invokers.TestMethodWorker.invokeTestMethods(TestMethodWorker.java:154)\r\n\tat org.testng.internal.invokers.TestMethodWorker.run(TestMethodWorker.java:134)\r\n\tat java.base/java.util.ArrayList.forEach(ArrayList.java:1597)\r\n\tat org.testng.TestRunner.privateRun(TestRunner.java:739)\r\n\tat org.testng.TestRunner.run(TestRunner.java:614)\r\n\tat org.testng.SuiteRunner.runTest(SuiteRunner.java:421)\r\n\tat org.testng.SuiteRunner$SuiteWorker.run(SuiteRunner.java:463)\r\n\tat org.testng.internal.thread.ThreadUtil.lambda$execute$0(ThreadUtil.java:64)\r\n\tat java.base/java.util.concurrent.FutureTask.run(FutureTask.java:317)\r\n\tat java.base/java.util.concurrent.ThreadPoolExecutor.runWorker(ThreadPoolExecutor.java:1144)\r\n\tat java.base/java.util.concurrent.ThreadPoolExecutor$Worker.run(ThreadPoolExecutor.java:642)\r\n\tat java.base/java.lang.Thread.run(Thread.java:1570)\r\n"},"stage":"finished","steps":[],"attachments":[],"parameters":[],"start":1744183618826,"stop":1744183622396}],"attachments":[],"parameters":[{"name":"os","value":"windows"},{"name":"browser","value":"edge"}],"start":1744183617771,"stop":1744183622442}